<?xml version="1.0" encoding="utf-8"?><testsuite errors="0" failures="0" name="pytest" skips="0" tests="12" time="0.314"><testcase classname="test_submit.ManagerDatesTests" file="test_submit.py" line="45" name="test_convert_string_to_date" time="0.0058782100677490234"></testcase><testcase classname="test_submit.ManagerDatesTests" file="test_submit.py" line="69" name="test_convert_string_to_date_four" time="0.0005803108215332031"></testcase><testcase classname="test_submit.ManagerDatesTests" file="test_submit.py" line="61" name="test_convert_string_to_date_three" time="0.0005717277526855469"></testcase><testcase classname="test_submit.ManagerDatesTests" file="test_submit.py" line="53" name="test_convert_string_to_date_two" time="0.0005671977996826172"></testcase><testcase classname="test_submit.ManagerDatesTests" file="test_submit.py" line="84" name="test_count_days_mounth" time="0.0007076263427734375"></testcase><testcase classname="test_submit.ManagerDatesTests" file="test_submit.py" line="91" name="test_count_days_mounth_two" time="0.0006511211395263672"></testcase><testcase classname="test_submit.ManagerDatesTests" file="test_submit.py" line="5" name="test_date_is_valid" time="0.0005161762237548828"></testcase><testcase classname="test_submit.ManagerDatesTests" file="test_submit.py" line="21" name="test_date_is_valid_three" time="0.0006127357482910156"></testcase><testcase classname="test_submit.ManagerDatesTests" file="test_submit.py" line="13" name="test_date_is_valid_two" time="0.0007700920104980469"></testcase><testcase classname="test_submit.ManagerDatesTests" file="test_submit.py" line="37" name="test_date_weekday" time="0.0005857944488525391"></testcase><testcase classname="test_submit.ManagerDatesTests" file="test_submit.py" line="77" name="test_get_all_dates" time="0.0005848407745361328"></testcase><testcase classname="test_submit.ManagerDatesTests" file="test_submit.py" line="105" name="test_get_first_monday" time="0.0006134510040283203"></testcase></testsuite>